<?xml version="1.0" encoding="UTF-8"?>
<!-- Generated by org.testng.reporters.JUnitReportReporter -->
<testsuite hostname="DESKTOP-86CSM53" failures="0" tests="1" name="Academy.addItems" time="9.202" errors="0" timestamp="2022-02-09T11:26:50 GMT+01:00" skipped="0">
  <testcase classname="Academy.addItems" name="AddIteams" time="9.202"/>
  <system-out/>
</testsuite> <!-- Academy.addItems -->
