<?xml version="1.0" encoding="UTF-8"?>
<!-- Generated by org.testng.reporters.JUnitReportReporter -->
<testsuite hostname="DESKTOP-86CSM53" failures="0" tests="2" name="Academy.HomePage" time="10.748" errors="0" timestamp="2022-01-05T09:15:57 GMT+01:00" skipped="0">
  <testcase classname="Academy.HomePage" name="getNavigationPage" time="7.703"/>
  <system-out/>
  <testcase classname="Academy.HomePage" name="getNavigationPage" time="3.045"/>
  <system-out/>
</testsuite> <!-- Academy.HomePage -->
