<?xml version="1.0" encoding="UTF-8"?>
<!-- Generated by org.testng.reporters.JUnitReportReporter -->
<testsuite hostname="DESKTOP-86CSM53" name="Academy.validateNavigationBar" tests="1" failures="0" timestamp="11 Oct 2021 10:34:55 GMT" time="0.115" errors="0">
  <testcase name="validateAppNavBar" time="0.115" classname="Academy.validateNavigationBar"/>
</testsuite> <!-- Academy.validateNavigationBar -->
